[    0.000000] Linux version 4.15.0-200-generic (buildd@lcy02-amd64-069) (gcc version 7.5.0 (Ubuntu 7.5.0-3ubuntu1~18.04)) #211-Ubuntu SMP Thu Nov 24 18:16:04 UTC 2022 (Ubuntu 4.15.0-200.211-generic 4.15.18)
[    0.000000] Command line: BOOT_IMAGE=/boot/vmlinuz-4.15.0-200-generic root=LABEL=cloudimg-rootfs ro console=tty1 console=ttyS0
[    0.000000] KERNEL supported cpus:
[    0.000000]   Intel GenuineIntel
[    0.000000]   AMD AuthenticAMD
[    0.000000]   Centaur CentaurHauls
[    0.000000] x86/fpu: x87 FPU will use FXSAVE
[    0.000000] e820: BIOS-provided physical RAM map:
[    0.000000] BIOS-e820: [mem 0x0000000000000000-0x000000000009fbff] usable
[    0.000000] BIOS-e820: [mem 0x000000000009fc00-0x000000000009ffff] reserved
[    0.000000] BIOS-e820: [mem 0x00000000000f0000-0x00000000000fffff] reserved
[    0.000000] BIOS-e820: [mem 0x0000000000100000-0x000000001ffeffff] usable
[    0.000000] BIOS-e820: [mem 0x000000001fff0000-0x000000001fffffff] ACPI data
[    0.000000] BIOS-e820: [mem 0x00000000fec00000-0x00000000fec00fff] reserved
[    0.000000] BIOS-e820: [mem 0x00000000fee00000-0x00000000fee00fff] reserved
[    0.000000] BIOS-e820: [mem 0x00000000fffc0000-0x00000000ffffffff] reserved
[    0.000000] NX (Execute Disable) protection: active
[    0.000000] SMBIOS 2.5 present.
[    0.000000] DMI: innotek GmbH VirtualBox/VirtualBox, BIOS VirtualBox 12/01/2006
[    0.000000] Hypervisor detected: KVM
[    0.000000] e820: last_pfn = 0x1fff0 max_arch_pfn = 0x400000000
[    0.000000] MTRR: Disabled
[    0.000000] x86/PAT: MTRRs disabled, skipping PAT initialization too.
[    0.000000] CPU MTRRs all blank - virtualized system.
[    0.000000] x86/PAT: Configuration [0-7]: WB  WT  UC- UC  WB  WT  UC- UC  
[    0.000000] found SMP MP-table at [mem 0x0009fff0-0x0009ffff]
[    0.000000] Scanning 1 areas for low memory corruption
[    0.000000] RAMDISK: [mem 0x1d9ff000-0x1edeefff]
[    0.000000] ACPI: Early table checksum verification disabled
[    0.000000] ACPI: RSDP 0x00000000000E0000 000024 (v02 VBOX  )
[    0.000000] ACPI: XSDT 0x000000001FFF0030 00003C (v01 VBOX   VBOXXSDT 00000001 ASL  00000061)
[    0.000000] ACPI: FACP 0x000000001FFF00F0 0000F4 (v04 VBOX   VBOXFACP 00000001 ASL  00000061)
[    0.000000] ACPI: DSDT 0x000000001FFF0470 002325 (v02 VBOX   VBOXBIOS 00000002 INTL 20100528)
[    0.000000] ACPI: FACS 0x000000001FFF0200 000040
[    0.000000] ACPI: FACS 0x000000001FFF0200 000040
[    0.000000] ACPI: APIC 0x000000001FFF0240 000054 (v02 VBOX   VBOXAPIC 00000001 ASL  00000061)
[    0.000000] ACPI: SSDT 0x000000001FFF02A0 0001CC (v01 VBOX   VBOXCPUT 00000002 INTL 20100528)
[    0.000000] ACPI: Reserving FACP table memory at [mem 0x1fff00f0-0x1fff01e3]
[    0.000000] ACPI: Reserving DSDT table memory at [mem 0x1fff0470-0x1fff2794]
[    0.000000] ACPI: Reserving FACS table memory at [mem 0x1fff0200-0x1fff023f]
[    0.000000] ACPI: Reserving FACS table memory at [mem 0x1fff0200-0x1fff023f]
[    0.000000] ACPI: Reserving APIC table memory at [mem 0x1fff0240-0x1fff0293]
[    0.000000] ACPI: Reserving SSDT table memory at [mem 0x1fff02a0-0x1fff046b]
[    0.000000] No NUMA configuration found
[    0.000000] Faking a node at [mem 0x0000000000000000-0x000000001ffeffff]
[    0.000000] NODE_DATA(0) allocated [mem 0x1ffc5000-0x1ffeffff]
[    0.000000] kvm-clock: cpu 0, msr 0:1ff44001, primary cpu clock
[    0.000000] kvm-clock: Using msrs 4b564d01 and 4b564d00
[    0.000000] kvm-clock: using sched offset of 13816752400 cycles
[    0.000000] clocksource: kvm-clock: mask: 0xffffffffffffffff max_cycles: 0x1cd42e4dffb, max_idle_ns: 881590591483 ns
[    0.000000] Zone ranges:
[    0.000000]   DMA      [mem 0x0000000000001000-0x0000000000ffffff]
[    0.000000]   DMA32    [mem 0x0000000001000000-0x000000001ffeffff]
[    0.000000]   Normal   empty
[    0.000000]   Device   empty
[    0.000000] Movable zone start for each node
[    0.000000] Early memory node ranges
[    0.000000]   node   0: [mem 0x0000000000001000-0x000000000009efff]
[    0.000000]   node   0: [mem 0x0000000000100000-0x000000001ffeffff]
[    0.000000] Reserved but unavailable: 104 pages
[    0.000000] Initmem setup node 0 [mem 0x0000000000001000-0x000000001ffeffff]
[    0.000000] ACPI: PM-Timer IO Port: 0x4008
[    0.000000] IOAPIC[0]: apic_id 1, version 32, address 0xfec00000, GSI 0-23
[    0.000000] ACPI: INT_SRC_OVR (bus 0 bus_irq 0 global_irq 2 dfl dfl)
[    0.000000] ACPI: INT_SRC_OVR (bus 0 bus_irq 9 global_irq 9 low level)
[    0.000000] Using ACPI (MADT) for SMP configuration information
[    0.000000] smpboot: Allowing 1 CPUs, 0 hotplug CPUs
[    0.000000] PM: Registered nosave memory: [mem 0x00000000-0x00000fff]
[    0.000000] PM: Registered nosave memory: [mem 0x0009f000-0x0009ffff]
[    0.000000] PM: Registered nosave memory: [mem 0x000a0000-0x000effff]
[    0.000000] PM: Registered nosave memory: [mem 0x000f0000-0x000fffff]
[    0.000000] e820: [mem 0x20000000-0xfebfffff] available for PCI devices
[    0.000000] Booting paravirtualized kernel on KVM
[    0.000000] clocksource: refined-jiffies: mask: 0xffffffff max_cycles: 0xffffffff, max_idle_ns: 7645519600211568 ns
[    0.000000] setup_percpu: NR_CPUS:8192 nr_cpumask_bits:1 nr_cpu_ids:1 nr_node_ids:1
[    0.000000] percpu: Embedded 50 pages/cpu s167936 r8192 d28672 u2097152
[    0.000000] PV qspinlock hash table entries: 256 (order: 0, 4096 bytes)
[    0.000000] Built 1 zonelists, mobility grouping on.  Total pages: 128889
[    0.000000] Policy zone: DMA32
[    0.000000] Kernel command line: BOOT_IMAGE=/boot/vmlinuz-4.15.0-200-generic root=LABEL=cloudimg-rootfs ro console=tty1 console=ttyS0
[    0.000000] Memory: 465868K/523832K available (12300K kernel code, 2477K rwdata, 4320K rodata, 2472K init, 2720K bss, 57964K reserved, 0K cma-reserved)
[    0.000000] SLUB: HWalign=64, Order=0-3, MinObjects=0, CPUs=1, Nodes=1
[    0.000000] Kernel/User page tables isolation: enabled
[    0.000000] ftrace: allocating 39478 entries in 155 pages
[    0.004000] Hierarchical RCU implementation.
[    0.004000] 	RCU restricting CPUs from NR_CPUS=8192 to nr_cpu_ids=1.
[    0.004000] 	Tasks RCU enabled.
[    0.004000] RCU: Adjusting geometry for rcu_fanout_leaf=16, nr_cpu_ids=1
[    0.004000] NR_IRQS: 524544, nr_irqs: 256, preallocated irqs: 16
[    0.004000] Console: colour VGA+ 80x25
[    0.004000] console [tty1] enabled
[    0.004000] console [ttyS0] enabled
[    0.004000] ACPI: Core revision 20170831
[    0.004000] ACPI: 2 ACPI AML tables successfully acquired and loaded
[    0.004000] APIC: Switch to symmetric I/O mode setup
[    0.008000] ..TIMER: vector=0x30 apic1=0 pin1=2 apic2=-1 pin2=-1
[    0.008019] tsc: Detected 2208.006 MHz processor
[    0.012046] Calibrating delay loop (skipped) preset value.. 4416.01 BogoMIPS (lpj=8832024)
[    0.016022] pid_max: default: 32768 minimum: 301
[    0.020423] Security Framework initialized
[    0.024023] Yama: becoming mindful.
[    0.028103] AppArmor: AppArmor initialized
[    0.036389] Dentry cache hash table entries: 65536 (order: 7, 524288 bytes)
[    0.044261] Inode-cache hash table entries: 32768 (order: 6, 262144 bytes)
[    0.048440] Mount-cache hash table entries: 1024 (order: 1, 8192 bytes)
[    0.052165] Mountpoint-cache hash table entries: 1024 (order: 1, 8192 bytes)
[    0.069516] Last level iTLB entries: 4KB 64, 2MB 8, 4MB 8
[    0.072016] Last level dTLB entries: 4KB 64, 2MB 0, 4MB 0, 1GB 4
[    0.076019] Spectre V1 : Mitigation: usercopy/swapgs barriers and __user pointer sanitization
[    0.080017] Spectre V2 : Mitigation: Retpolines
[    0.084025] Spectre V2 : Spectre v2 / SpectreRSB mitigation: Filling RSB on context switch
[    0.088021] Speculative Store Bypass: Vulnerable
[    0.092351] MDS: Mitigation: Clear CPU buffers
[    0.100013] MMIO Stale Data: Mitigation: Clear CPU buffers
[    0.124000] Freeing SMP alternatives memory: 36K
[    0.208014] APIC calibration not consistent with PM-Timer: 128ms instead of 100ms
[    0.212000] APIC delta adjusted to PM-Timer: 6430490 (8253266)
[    0.213621] smpboot: CPU0: Intel(R) Core(TM) i7-8750H CPU @ 2.20GHz (family: 0x6, model: 0x9e, stepping: 0xa)
[    0.217608] Performance Events: unsupported p6 CPU model 158 no PMU driver, software events only.
[    0.220524] Hierarchical SRCU implementation.
[    0.227847] NMI watchdog: Perf event create on CPU 0 failed with -2
[    0.228015] NMI watchdog: Perf NMI watchdog permanently disabled
[    0.233025] smp: Bringing up secondary CPUs ...
[    0.236019] smp: Brought up 1 node, 1 CPU
[    0.240019] smpboot: Max logical packages: 1
[    0.244016] smpboot: Total of 1 processors activated (4416.01 BogoMIPS)
[    0.249058] devtmpfs: initialized
[    0.252579] x86/mm: Memory block size: 128MB
[    0.257285] evm: security.selinux
[    0.260019] evm: security.SMACK64
[    0.264011] evm: security.SMACK64EXEC
[    0.268016] evm: security.SMACK64TRANSMUTE
[    0.272017] evm: security.SMACK64MMAP
[    0.276012] evm: security.apparmor
[    0.280016] evm: security.ima
[    0.284011] evm: security.capability
[    0.289674] clocksource: jiffies: mask: 0xffffffff max_cycles: 0xffffffff, max_idle_ns: 7645041785100000 ns
[    0.292020] futex hash table entries: 256 (order: 2, 16384 bytes)
[    0.296268] pinctrl core: initialized pinctrl subsystem
[    0.304009] RTC time: 13:45:20, date: 12/05/22
[    0.313733] NET: Registered protocol family 16
[    0.316525] audit: initializing netlink subsys (disabled)
[    0.321112] cpuidle: using governor ladder
[    0.324015] audit: type=2000 audit(1670247928.771:1): state=initialized audit_enabled=0 res=1
[    0.328014] cpuidle: using governor menu
[    0.332246] ACPI: bus type PCI registered
[    0.340025] acpiphp: ACPI Hot Plug PCI Controller Driver version: 0.5
[    0.350681] PCI: Using configuration type 1 for base access
[    0.360000] HugeTLB registered 2.00 MiB page size, pre-allocated 0 pages
[    0.363665] ACPI: Added _OSI(Module Device)
[    0.364029] ACPI: Added _OSI(Processor Device)
[    0.368019] ACPI: Added _OSI(3.0 _SCP Extensions)
[    0.372017] ACPI: Added _OSI(Processor Aggregator Device)
[    0.376033] ACPI: Added _OSI(Linux-Dell-Video)
[    0.380082] ACPI: Added _OSI(Linux-Lenovo-NV-HDMI-Audio)
[    0.384012] ACPI: Added _OSI(Linux-HPI-Hybrid-Graphics)
[    0.389333] ACPI: Executed 1 blocks of module-level executable AML code
[    0.409045] ACPI: Interpreter enabled
[    0.412096] ACPI: (supports S0 S5)
[    0.416015] ACPI: Using IOAPIC for interrupt routing
[    0.426014] PCI: Using host bridge windows from ACPI; if necessary, use "pci=nocrs" and report a bug
[    0.429163] ACPI: Enabled 2 GPEs in block 00 to 07
[    0.505041] ACPI: PCI Root Bridge [PCI0] (domain 0000 [bus 00-ff])
[    0.508031] acpi PNP0A03:00: _OSC: OS supports [ASPM ClockPM Segments MSI]
[    0.513506] acpi PNP0A03:00: _OSC: not requesting OS control; OS requires [ExtendedConfig ASPM ClockPM MSI]
[    0.516063] acpi PNP0A03:00: fail to add MMCONFIG information, can't access extended PCI configuration space under this bridge.
[    0.521170] PCI host bridge to bus 0000:00
[    0.524029] pci_bus 0000:00: root bus resource [io  0x0000-0x0cf7 window]
[    0.532132] pci_bus 0000:00: root bus resource [io  0x0d00-0xffff window]
[    0.536023] pci_bus 0000:00: root bus resource [mem 0x000a0000-0x000bffff window]
[    0.540024] pci_bus 0000:00: root bus resource [mem 0x20000000-0xfdffffff window]
[    0.544028] pci_bus 0000:00: root bus resource [bus 00-ff]
[    0.598471] pci 0000:00:01.1: legacy IDE quirk: reg 0x10: [io  0x01f0-0x01f7]
[    0.600022] pci 0000:00:01.1: legacy IDE quirk: reg 0x14: [io  0x03f6]
[    0.604025] pci 0000:00:01.1: legacy IDE quirk: reg 0x18: [io  0x0170-0x0177]
[    0.608027] pci 0000:00:01.1: legacy IDE quirk: reg 0x1c: [io  0x0376]
[    0.796496] pci 0000:00:07.0: quirk: [io  0x4000-0x403f] claimed by PIIX4 ACPI
[    0.804300] pci 0000:00:07.0: quirk: [io  0x4100-0x410f] claimed by PIIX4 SMB
[    0.880526] ACPI: PCI Interrupt Link [LNKA] (IRQs 5 9 10 *11)
[    0.889298] ACPI: PCI Interrupt Link [LNKB] (IRQs 5 9 *10 11)
[    0.896724] ACPI: PCI Interrupt Link [LNKC] (IRQs 5 *9 10 11)
[    0.904747] ACPI: PCI Interrupt Link [LNKD] (IRQs 5 9 10 *11)
[    0.918463] SCSI subsystem initialized
[    0.921310] pci 0000:00:02.0: vgaarb: setting as boot VGA device
[    0.924000] pci 0000:00:02.0: vgaarb: VGA device added: decodes=io+mem,owns=io+mem,locks=none
[    0.924024] pci 0000:00:02.0: vgaarb: bridge control possible
[    0.928021] vgaarb: loaded
[    0.932110] ACPI: bus type USB registered
[    0.936334] usbcore: registered new interface driver usbfs
[    0.940065] usbcore: registered new interface driver hub
[    0.944060] usbcore: registered new device driver usb
[    0.948694] EDAC MC: Ver: 3.0.0
[    0.962957] PCI: Using ACPI for IRQ routing
[    0.973553] NetLabel: Initializing
[    0.976018] NetLabel:  domain hash size = 128
[    0.984017] NetLabel:  protocols = UNLABELED CIPSOv4 CALIPSO
[    0.988255] NetLabel:  unlabeled traffic allowed by default
[    0.992584] clocksource: Switched to clocksource kvm-clock
[    1.304580] VFS: Disk quotas dquot_6.6.0
[    1.376189] VFS: Dquot-cache hash table entries: 512 (order 0, 4096 bytes)
[    1.411762] AppArmor: AppArmor Filesystem Enabled
[    1.420795] pnp: PnP ACPI init
[    1.472996] pnp: PnP ACPI: found 3 devices
[    1.498396] clocksource: acpi_pm: mask: 0xffffff max_cycles: 0xffffff, max_idle_ns: 2085701024 ns
[    1.516256] NET: Registered protocol family 2
[    1.575411] IP idents hash table entries: 8192 (order: 4, 65536 bytes)
[    1.595353] TCP established hash table entries: 4096 (order: 3, 32768 bytes)
[    1.611294] TCP bind hash table entries: 4096 (order: 4, 65536 bytes)
[    1.624879] TCP: Hash tables configured (established 4096 bind 4096)
[    1.678514] UDP hash table entries: 256 (order: 1, 8192 bytes)
[    1.691269] UDP-Lite hash table entries: 256 (order: 1, 8192 bytes)
[    1.705825] NET: Registered protocol family 1
[    1.771904] pci 0000:00:00.0: Limiting direct PCI/PCI transfers
[    1.804994] pci 0000:00:01.0: Activating ISA DMA hang workarounds
[    1.874117] pci 0000:00:02.0: Video device with shadowed ROM at [mem 0x000c0000-0x000dffff]
[    1.975561] Unpacking initramfs...
[    5.621503] Freeing initrd memory: 20416K
[    5.633019] clocksource: tsc: mask: 0xffffffffffffffff max_cycles: 0x1fd3bdcbb82, max_idle_ns: 440795220917 ns
[    5.696851] platform rtc_cmos: registered platform RTC device (no PNP device found)
[    5.714831] Scanning for low memory corruption every 60 seconds
[    5.729201] Initialise system trusted keyrings
[    5.737216] Key type blacklist registered
[    5.743174] workingset: timestamp_bits=36 max_order=17 bucket_order=0
[    5.817376] zbud: loaded
[    5.832769] squashfs: version 4.0 (2009/01/31) Phillip Lougher
[    5.850789] fuse init (API version 7.26)
[    5.922069] Key type asymmetric registered
[    5.946960] Asymmetric key parser 'x509' registered
[    6.027202] Block layer SCSI generic (bsg) driver version 0.4 loaded (major 246)
[    6.066576] io scheduler noop registered
[    6.125290] io scheduler deadline registered
[    6.150155] io scheduler cfq registered (default)
[    6.219526] ACPI: AC Adapter [AC] (off-line)
[    6.240180] input: Power Button as /devices/LNXSYSTM:00/LNXPWRBN:00/input/input0
[    6.326883] ACPI: Power Button [PWRF]
[    6.350920] input: Sleep Button as /devices/LNXSYSTM:00/LNXSLPBN:00/input/input1
[    6.423390] ACPI: Sleep Button [SLPF]
[    6.446677] Serial: 8250/16550 driver, 32 ports, IRQ sharing enabled
[    6.641604] ACPI: Battery Slot [BAT0] (battery present)
[    6.668108] 00:02: ttyS0 at I/O 0x3f8 (irq = 4, base_baud = 115200) is a 16550A
[    6.763312] Linux agpgart interface v0.103
[    6.860166] loop: module loaded
[    6.934149] scsi host0: ata_piix
[    6.951331] scsi host1: ata_piix
[    6.968970] ata1: PATA max UDMA/33 cmd 0x1f0 ctl 0x3f6 bmdma 0xd000 irq 14
[    7.055953] ata2: PATA max UDMA/33 cmd 0x170 ctl 0x376 bmdma 0xd008 irq 15
[    7.158969] tun: Universal TUN/TAP device driver, 1.6
[    7.187513] PPP generic driver version 2.4.2
[    7.246853] ehci_hcd: USB 2.0 'Enhanced' Host Controller (EHCI) Driver
[    7.284196] ehci-pci: EHCI PCI platform driver
[    7.609360] ehci-platform: EHCI generic platform driver
[    7.668578] ohci_hcd: USB 1.1 'Open' Host Controller (OHCI) Driver
[    7.679229] ohci-pci: OHCI PCI platform driver
[    7.686903] ohci-platform: OHCI generic platform driver
[    7.695489] uhci_hcd: USB Universal Host Controller Interface driver
[    7.708359] i8042: PNP: PS/2 Controller [PNP0303:PS2K,PNP0f03:PS2M] at 0x60,0x64 irq 1,12
[    7.779299] serio: i8042 KBD port at 0x60,0x64 irq 1
[    7.798406] serio: i8042 AUX port at 0x60,0x64 irq 12
[    7.818196] mousedev: PS/2 mouse device common for all mice
[    7.873031] rtc_cmos rtc_cmos: rtc core: registered rtc_cmos as rtc0
[    7.892081] rtc_cmos rtc_cmos: alarms up to one day, 114 bytes nvram
[    7.909681] input: AT Translated Set 2 keyboard as /devices/platform/i8042/serio0/input/input2
[    7.922290] i2c /dev entries driver
[    7.984345] device-mapper: uevent: version 1.0.3
[    8.002833] device-mapper: ioctl: 4.37.0-ioctl (2017-09-20) initialised: dm-devel@redhat.com
[    8.023705] ledtrig-cpu: registered to indicate activity on CPUs
[    8.099318] NET: Registered protocol family 10
[    8.203586] Segment Routing with IPv6
[    8.218646] NET: Registered protocol family 17
[    8.233966] Key type dns_resolver registered
[    8.304764] mce: Using 0 MCE banks
[    8.323362] RAS: Correctable Errors collector initialized.
[    8.396536] sched_clock: Marking stable (8396317046, 0)->(18403433371, -10007116325)
[    8.429703] registered taskstats version 1
[    8.450625] Loading compiled-in X.509 certificates
[    8.499902] Loaded X.509 cert 'Build time autogenerated kernel key: 29e5beaa583364da097e68c9386761f80dbce7ef'
[    8.535785] Loaded X.509 cert 'Canonical Ltd. Live Patch Signing: 14df34d1a87cf37625abec039ef2bf521249b969'
[    8.606900] Loaded X.509 cert 'Canonical Ltd. Kernel Module Signing: 88f752e560a1e0737e31163a466ad7b70a850c19'
[    8.630366] blacklist: Loading compiled-in revocation X.509 certificates
[    8.644599] Loaded X.509 cert 'Canonical Ltd. Secure Boot Signing: 61482aa2830d0ab2ad5af10b7250da9033ddcef0'
[    8.707936] zswap: loaded using pool lzo/zbud
[    8.808632] Key type big_key registered
[    8.821759] Key type trusted registered
[    8.848163] Key type encrypted registered
[    8.862601] AppArmor: AppArmor sha1 policy hashing enabled
[    8.917198] ima: No TPM chip found, activating TPM-bypass! (rc=-19)
[    8.927931] ima: Allocated hash algorithm: sha1
[    8.935348] evm: HMAC attrs: 0x1
[    8.941158]   Magic number: 2:28:786
[    8.949098] rtc_cmos rtc_cmos: setting system clock to 2022-12-05 13:45:31 UTC (1670247931)
[    8.965013] BIOS EDD facility v0.16 2004-Jun-25, 0 devices found
[    9.036481] EDD information not available.
[    9.120821] Freeing unused kernel image memory: 2472K
[    9.153395] Write protecting the kernel read-only data: 20480k
[    9.182079] Freeing unused kernel image memory: 2008K
[    9.233261] Freeing unused kernel image memory: 1824K
[    9.265229] x86/mm: Checked W+X mappings: passed, no W+X pages found.
[    9.321839] x86/mm: Checking user space page tables
[    9.352136] x86/mm: Checked W+X mappings: passed, no W+X pages found.
Loading, please wait...
starting version 237
[   10.607565] Fusion MPT base driver 3.04.20
[   10.628667] Copyright (c) 1999-2008 LSI Corporation
[   10.822204] e1000: Intel(R) PRO/1000 Network Driver - version 7.3.21-k8-NAPI
[   10.910627] e1000: Copyright (c) 1999-2006 Intel Corporation.
[   11.332531] vboxvideo: loading out-of-tree module taints kernel.
[   11.650184] Fusion MPT SPI Host driver 3.04.20
[   11.717126] vboxvideo: module verification failed: signature and/or required key missing - tainting kernel
[   11.820873] vboxvideo: loading version 6.1.40 r154048
[   11.848045] mptbase: ioc0: Initiating bringup
[   11.933010] input: ImExPS/2 Generic Explorer Mouse as /devices/platform/i8042/serio1/input/input4
[   12.089269] ioc0: LSI53C1030 A0: Capabilities={Initiator}
[   12.473035] scsi host2: ioc0: LSI53C1030 A0, FwRev=00000000h, Ports=1, MaxQ=256, IRQ=20
[   12.726950] scsi 2:0:0:0: Direct-Access     VBOX     HARDDISK         1.0  PQ: 0 ANSI: 5
[   12.785591] scsi target2:0:0: Beginning Domain Validation
[   12.885246] scsi target2:0:0: Domain Validation skipping write tests
[   12.893898] scsi target2:0:0: Ending Domain Validation
[   12.967751] scsi target2:0:0: asynchronous
[   13.198317] scsi 2:0:1:0: Direct-Access     VBOX     HARDDISK         1.0  PQ: 0 ANSI: 5
[   13.295793] scsi target2:0:1: Beginning Domain Validation
[   13.722926] scsi target2:0:1: Domain Validation skipping write tests
[   13.807028] scsi target2:0:1: Ending Domain Validation
[   13.955130] scsi target2:0:1: asynchronous
[   14.570066] sd 2:0:0:0: [sda] 83886080 512-byte logical blocks: (42.9 GB/40.0 GiB)
[   14.656252] sd 2:0:0:0: Attached scsi generic sg0 type 0
[   14.728329] sd 2:0:1:0: Attached scsi generic sg1 type 0
[   14.747604] sd 2:0:1:0: [sdb] 20480 512-byte logical blocks: (10.5 MB/10.0 MiB)
[   14.840093] sd 2:0:1:0: [sdb] Write Protect is off
[   14.853056] sd 2:0:0:0: [sda] Write Protect is off
[   14.864989] sd 2:0:1:0: [sdb] Incomplete mode parameter data
[   14.876245] sd 2:0:1:0: [sdb] Assuming drive cache: write through
[   14.893792] sd 2:0:0:0: [sda] Incomplete mode parameter data
[   14.943305] sd 2:0:0:0: [sda] Assuming drive cache: write through
[   15.085624]  sda: sda1
[   15.188786] sd 2:0:1:0: [sdb] Attached SCSI disk
[   15.377824] sd 2:0:0:0: [sda] Attached SCSI disk
[   17.109317] e1000 0000:00:03.0 eth0: (PCI:33MHz:32-bit) 02:0b:d2:67:80:32
[   17.141446] e1000 0000:00:03.0 eth0: Intel(R) PRO/1000 Network Connection
[   17.232141] [drm] VRAM 01000000
[   17.246654] [TTM] Zone  kernel: Available graphics memory: 246312 kiB
[   17.313934] [TTM] Initializing pool allocator
[   17.332971] [TTM] Initializing DMA pool allocator
[   17.519500] fbcon: vboxdrmfb (fb0) is primary device
[   17.629989] Console: switching to colour frame buffer device 100x37
[   17.768584] vboxvideo 0000:00:02.0: fb0: vboxdrmfb frame buffer device
[   17.774542] [drm] Initialized vboxvideo 1.0.0 20130823 for 0000:00:02.0 on minor 0
[   21.363136] e1000 0000:00:08.0 eth1: (PCI:33MHz:32-bit) 08:00:27:f1:03:6c
[   21.382527] e1000 0000:00:08.0 eth1: Intel(R) PRO/1000 Network Connection
[   21.431749] e1000 0000:00:08.0 enp0s8: renamed from eth1
[   21.444269] e1000 0000:00:03.0 enp0s3: renamed from eth0
Begin: Loading essential drivers ... [   22.405405] raid6: sse2x1   gen()  2265 MB/s
[   22.508260] raid6: sse2x1   xor()   978 MB/s
[   22.616468] raid6: sse2x2   gen()  3420 MB/s
[   22.770557] raid6: sse2x2   xor()  2367 MB/s
[   22.873173] raid6: sse2x4   gen()  3808 MB/s
[   22.976190] raid6: sse2x4   xor()  2528 MB/s
[   22.994294] raid6: using algorithm sse2x4 gen() 3808 MB/s
[   23.014997] raid6: .... xor() 2528 MB/s, rmw enabled
[   23.033208] raid6: using ssse3x2 recovery algorithm
[   23.100203] xor: measuring software checksum speed
[   23.332248]    prefetch64-sse: 10689.000 MB/sec
[   23.608250]    generic_sse: 18845.000 MB/sec
[   23.622767] xor: using function: generic_sse (18845.000 MB/sec)
[   23.643251] async_tx: api initialized (async)
done.
Begin: Running /scripts/init-premount ... done.
Begin: Mounting root file system ... Begin: Running /scripts/local-top ... done.
Begin: Running /scripts/local-premount ... [   24.149990] Btrfs loaded, crc32c=crc32c-intel
Scanning for Btrfs filesystems
done.
Begin: Will now check root file system ... fsck from util-linux 2.31.1
[/sbin/fsck.ext4 (1) -- /dev/sda1] fsck.ext4 -a -C0 /dev/sda1 
cloudimg-rootfs: clean, 84012/5120000 files, 775415/10485499 blocks
done.
[   24.835757] EXT4-fs (sda1): mounted filesystem with ordered data mode. Opts: (null)
done.
Begin: Running /scripts/local-bottom ... done.
Begin: Running /scripts/init-bottom ... done.
[   26.322030] ip_tables: (C) 2000-2006 Netfilter Core Team
[   26.606713] systemd[1]: systemd 237 running in system mode. (+PAM +AUDIT +SELINUX +IMA +APPARMOR +SMACK +SYSVINIT +UTMP +LIBCRYPTSETUP +GCRYPT +GNUTLS +ACL +XZ +LZ4 +SECCOMP +BLKID +ELFUTILS +KMOD -IDN2 +IDN -PCRE2 default-hierarchy=hybrid)
[   26.713526] systemd[1]: Detected virtualization oracle.
[   26.803075] systemd[1]: Detected architecture x86-64.

Welcome to [1mUbuntu 18.04.6 LTS[0m!

[   26.913318] systemd[1]: Set hostname to <server-s2>.
[   27.306239] random: crng init done
[   29.190662] systemd[1]: Started Forward Password Requests to Wall Directory Watch.
[[0;32m  OK  [0m] Started Forward Password Requests to Wall Directory Watch.
[   29.303692] systemd[1]: Created slice User and Session Slice.
[[0;32m  OK  [0m] Created slice User and Session Slice.
[   29.475417] systemd[1]: Reached target System Time Synchronized.
[[0;32m  OK  [0m] Reached target System Time Synchronized.
[   29.528137] systemd[1]: Reached target Swap.
[[0;32m  OK  [0m] Reached target Swap.
[   29.619239] systemd[1]: Reached target User and Group Name Lookups.
[[0;32m  OK  [0m] Reached target User and Group Name Lookups.
[   29.731152] systemd[1]: Created slice System Slice.
[[0;32m  OK  [0m] Created slice System Slice.
[[0;32m  OK  [0m] Listening on Journal Audit Socket.
[[0;32m  OK  [0m] Created slice system-serial\x2dgetty.slice.
[[0;32m  OK  [0m] Listening on Syslog Socket.
[[0;32m  OK  [0m] Listening on fsck to fsckd communication Socket.
[[0;32m  OK  [0m] Listening on LVM2 poll daemon socket.
[[0;32m  OK  [0m] Listening on udev Kernel Socket.
[[0;32m  OK  [0m] Reached target Slices.
[[0;32m  OK  [0m] Listening on udev Control Socket.
[[0;32m  OK  [0m] Listening on Journal Socket.
         Mounting Huge Pages File System...
         Starting udev Coldplug all Devices...
         Starting Create list of required st…ce nodes for the current kernel...
         Starting Set the console keyboard layout...
         Mounting Kernel Debug File System...
         Starting Remount Root and Kernel File Systems...
         [   30.908633] EXT4-fs (sda1): re-mounted. Opts: (null)
Starting Uncomplicated firewall...
         Mounting POSIX Message Queue File System...
[[0;32m  OK  [0m] Listening on /dev/initctl Compatibility Named Pipe.
[[0;32m  OK  [0m] Listening on Device-mapper event daemon FIFOs.
[[0;32m  OK  [0m] Listening on Journal Socket (/dev/log).
         Starting Journal Service...
[[0;32m  OK  [0m] Set up automount Arbitrary Executab…rmats File System Automount Point.
[[0;32m  OK  [0m] Listening on LVM2 metadata daemon socket.
         Starting Load Kernel Modules...
         Starting Monitoring of LVM2 mirrors…ng dmeventd or progress polling...
[[0;32m  OK  [0m] Listening on Network Service Netlink Socket.[   31.738925] Loading iSCSI transport class v2.0-870.

[   31.831656] systemd[1]: Mounted Huge Pages File System.
[[0;32m  OK  [0m] Mounted Huge Pages File System.
[   31.880854] systemd[1]: Started Create list of required static device nodes for the current kernel.
[[0;32m  OK  [0m] Started Create list of required sta…vice nodes for the current kernel.
[   32.179405] systemd[1]: Mounted Kernel Debug File System.
[[0;32m  OK  [0m] Mounted Kernel Debug File System.
[   32.456754] systemd[1]: Started Remount Root and Kernel File Systems.
[[0;32m  OK  [0m] Started Remount Root and Kernel File Systems.
[   32.722320] iscsi: registered transport (tcp)
[   32.764939] systemd[1]: Started Journal Service.
[[0;32m  OK  [0m] Started Journal Service.
[[0;32m  OK  [0m] Started Uncomplicated firewall.
[[0;32m  OK  [0m] Mounted POSIX Message Queue File System.
         Starting Flush Journal to Persistent Storage...
         Starting Load/Save Random Seed...
         Starting Create Static Device Nodes in /dev...
[[0;32m  OK  [0m] Started LVM2 metadata daemon.
[   33.282946] systemd-journald[395]: Received request to flush runtime journal from PID 1
[[0;32m  OK  [0m] Started Load/Save Random Seed.
[   33.706127] iscsi: registered transport (iser)
[[0;32m  OK  [0m] Started Monitoring of LVM2 mirrors,…sing dmeventd or progress polling.
[[0;32m  OK  [0m] Started udev Coldplug all Devices.
[[0;32m  OK  [0m] Started Create Static Device Nodes in /dev.
         Starting udev Kernel Device Manager...
[[0;32m  OK  [0m] Started Load Kernel Modules.
         Mounting FUSE Control File System...
         Starting Apply Kernel Variables...
         Mounting Kernel Configuration File System...
[[0;32m  OK  [0m] Started Set the console keyboard layout.
[[0;32m  OK  [0m] Started Flush Journal to Persistent Storage.
[[0;32m  OK  [0m] Mounted FUSE Control File System.
[[0;32m  OK  [0m] Reached target Local File Systems (Pre).
[[0;32m  OK  [0m] Reached target Local File Systems.
         Starting AppArmor initialization...
         Starting Tell Plymouth To Write Out Runtime Data...
         Starting Create Volatile Files and Directories...
         Starting ebtables ruleset management...
         Starting netfilter persistent configuration...
         Starting Set console font and keymap...
[[0;32m  OK  [0m] Mounted Kernel Configuration File System.
[[0;32m  OK  [0m] Started Set console font and keymap.
[[0;32m  OK  [0m] Started Tell Plymouth To Write Out Runtime Data.
[[0;32m  OK  [0m] Started udev Kernel Device Manager.
[[0;32m  OK  [0m] Started Dispatch Password Requests to Console Directory Watch.
[[0;32m  OK  [0m] Reached target Local Encrypted Volumes.
[[0;32m  OK  [0m] Started Apply Kernel Variables.
[[0;32m  OK  [0m] Started ebtables ruleset management.
[[0;32m  OK  [0m] Started netfilter persistent configuration.
[[0;32m  OK  [0m] Started Create Volatile Files and Directories.
         Starting Update UTMP about System Boot/Shutdown...
[[0;32m  OK  [0m] Started Update UTMP about System Boot/Shutdown.
[[0;32m  OK  [0m] Found device /dev/ttyS0.
[[0;32m  OK  [0m] Started AppArmor initialization.
         Starting Load AppArmor profiles managed internally by snapd...
         Starting Initial cloud-init job (pre-networking)...
         Mounting Arbitrary Executable File Formats File System...
[[0;32m  OK  [0m] Mounted Arbitrary Executable File Formats File System.
[[0;32m  OK  [0m] Listening on Load/Save RF Kill Switch Status /dev/rfkill Watch.
[[0;32m  OK  [0m] Started Load AppArmor profiles managed internally by snapd.
[   56.181478] cloud-init[537]: Cloud-init v. 22.3.4-0ubuntu1~18.04.1 running 'init-local' at Mon, 05 Dec 2022 13:46:17 +0000. Up 54.76 seconds.
[[0;32m  OK  [0m] Started Initial cloud-init job (pre-networking).
[[0;32m  OK  [0m] Reached target Network (Pre).
         Starting Network Service...
[[0;32m  OK  [0m] Started Network Service.
         Starting Network Name Resolution...
         Starting Wait for Network to be Configured...
[[0;32m  OK  [0m] Started Network Name Resolution.
[[0;32m  OK  [0m] Reached target Network.
[[0;32m  OK  [0m] Reached target Host and Network Name Lookups.
[[0;32m  OK  [0m] Started Wait for Network to be Configured.
         Starting Initial cloud-init job (metadata service crawler)...
[   63.756384] cloud-init[702]: Cloud-init v. 22.3.4-0ubuntu1~18.04.1 running 'init' at Mon, 05 Dec 2022 13:46:25 +0000. Up 63.06 seconds.
[   63.777329] cloud-init[702]: ci-info: +++++++++++++++++++++++++++++++++++++++Net device info+++++++++++++++++++++++++++++++++++++++
[   63.791559] cloud-init[702]: ci-info: +--------+------+----------------------------+-----------------+--------+-------------------+
[   63.862727] cloud-init[702]: ci-info: | Device |  Up  |          Address           |       Mask      | Scope  |     Hw-Address    |
[   63.963058] cloud-init[702]: ci-info: +--------+------+----------------------------+-----------------+--------+-------------------+
[   63.983536] cloud-init[702]: ci-info: | enp0s3 | True |       192.168.122.15       |  255.255.255.0  | global | 02:0b:d2:67:80:32 |
[   63.993964] cloud-init[702]: ci-info: | enp0s3 | True | fe80::b:d2ff:fe67:8032/64  |        .        |  link  | 02:0b:d2:67:80:32 |
[   64.005160] cloud-init[702]: ci-info: | enp0s8 | True |        172.48.48.52        | 255.255.255.240 | global | 08:00:27:f1:03:6c |
[   64.075613] cloud-init[702]: ci-info: | enp0s8 | True | fe80::a00:27ff:fef1:36c/64 |        .        |  link  | 08:00:27:f1:03:6c |
[   64.165124] cloud-init[702]: ci-info: |   lo   | True |         127.0.0.1          |    255.0.0.0    |  host  |         .         |
[   64.205744] cloud-init[702]: ci-info: |   lo   | True |          ::1/128           |        .        |  host  |         .         |
[   64.300324] cloud-init[702]: ci-info: +--------+------+----------------------------+-----------------+--------+-------------------+
[   64.374934] cloud-init[702]: ci-info: ++++++++++++++++++++++++++++++++Route IPv4 info++++++++++++++++++++++++++++++++
[   64.383687] cloud-init[702]: ci-info: +-------+---------------+---------------+-----------------+-----------+-------+
[   64.394125] cloud-init[702]: ci-info: | Route |  Destination  |    Gateway    |     Genmask     | Interface | Flags |
[   64.413292] cloud-init[702]: ci-info: +-------+---------------+---------------+-----------------+-----------+-------+
[   64.510656] cloud-init[702]: ci-info: |   0   |    0.0.0.0    | 192.168.122.2 |     0.0.0.0     |   enp0s3  |   UG  |
[   64.624931] cloud-init[702]: ci-info: |   1   |  172.48.48.48 |    0.0.0.0    | 255.255.255.240 |   enp0s8  |   U   |
[   64.713115] cloud-init[702]: ci-info: |   2   | 192.168.122.0 |    0.0.0.0    |  255.255.255.0  |   enp0s3  |   U   |
[   64.817761] cloud-init[702]: ci-info: |   3   | 192.168.122.2 |    0.0.0.0    | 255.255.255.255 |   enp0s3  |   UH  |
[   64.890284] cloud-init[702]: ci-info: +-------+---------------+---------------+-----------------+-----------+-------+
[   64.903639] cloud-init[702]: ci-info: +++++++++++++++++++Route IPv6 info+++++++++++++++++++
[   64.913247] cloud-init[702]: ci-info: +-------+-------------+---------+-----------+-------+
[   64.922837] cloud-init[702]: ci-info: | Route | Destination | Gateway | Interface | Flags |
[   64.934055] cloud-init[702]: ci-info: +-------+-------------+---------+-----------+-------+
[   64.991389] cloud-init[702]: ci-info: |   1   |  fe80::/64  |    ::   |   enp0s8  |   U   |
[   65.013253] cloud-init[702]: ci-info: |   2   |  fe80::/64  |    ::   |   enp0s3  |   U   |
[   65.035503] cloud-init[702]: ci-info: |   4   |   anycast   |    ::   |   enp0s8  |   U   |
[   65.114770] cloud-init[702]: ci-info: |   5   |   anycast   |    ::   |   enp0s3  |   U   |
[   65.137211] cloud-init[702]: ci-info: |   6   |    local    |    ::   |   enp0s3  |   U   |
[   65.200611] cloud-init[702]: ci-info: |   7   |    local    |    ::   |   enp0s8  |   U   |
[   65.219223] cloud-init[702]: ci-info: |   8   |   ff00::/8  |    ::   |   enp0s8  |   U   |
[   65.243054] cloud-init[702]: ci-info: |   9   |   ff00::/8  |    ::   |   enp0s3  |   U   |
[   65.307443] cloud-init[702]: ci-info: +-------+-------------+---------+-----------+-------+
[[0;32m  OK  [0m] Started Initial cloud-init job (metadata service crawler).
[[0;32m  OK  [0m] Reached target System Initialization.
[[0;32m  OK  [0m] Started Message of the Day.
[[0;32m  OK  [0m] Listening on cloud-init hotplug hook socket.
         Starting LXD - unix socket.
[[0;32m  OK  [0m] Started Discard unused blocks once a week.
[[0;32m  OK  [0m] Listening on ACPID Listen Socket.
[[0;32m  OK  [0m] Started Daily apt download activities.
[[0;32m  OK  [0m] Started Daily Cleanup of Temporary Directories.
[[0;32m  OK  [0m] Listening on D-Bus System Message Bus Socket.
[[0;32m  OK  [0m] Listening on UUID daemon activation socket.
[[0;32m  OK  [0m] Started Daily apt upgrade and clean activities.
[[0;32m  OK  [0m] Listening on Open-iSCSI iscsid Socket.
[[0;32m  OK  [0m] Started Ubuntu Advantage Timer for running repeated jobs.
[[0;32m  OK  [0m] Reached target Timers.
         Starting Socket activation for snappy daemon.
[[0;32m  OK  [0m] Started ACPI Events Check.
[[0;32m  OK  [0m] Reached target Paths.
[[0;32m  OK  [0m] Reached target Network is Online.
         Starting Availability of block devices...
[[0;32m  OK  [0m] Reached target Remote File Systems (Pre).
         Mounting /vagrant...
[[0;32m  OK  [0m] Reached target Cloud-config availability.
[[0;32m  OK  [0m] Listening on LXD - unix socket.
[[0;32m  OK  [0m] Listening on Socket activation for snappy daemon.
[[0;32m  OK  [0m] Started Availability of block devices.
[[0;1;31mFAILED[0m] Failed to mount /vagrant.
See 'systemctl status vagrant.mount' for details.
[[0;1;33mDEPEND[0m] Dependency failed for Remote File Systems.
[[0;32m  OK  [0m] Reached target Sockets.
[[0;32m  OK  [0m] Reached target Basic System.
         Starting LSB: automatic crash report generation...
[[0;32m  OK  [0m] Started D-Bus System Message Bus.
[[0;32m  OK  [0m] Started strongSwan IPsec IKEv1/IKEv2 daemon using ipsec.conf.
[[0;32m  OK  [0m] Started Deferred execution scheduler.
[[0;32m  OK  [0m] Started FUSE filesystem for LXC.
         Starting vboxadd.service...
         Starting LSB: Record successful boot for GRUB...
         Starting Dispatcher daemon for systemd-networkd...
[[0;32m  OK  [0m] Reached target Login Prompts (Pre).
         Starting Login Service...
         Starting Accounts Service...
         Starting Permit User Sessions...
         Starting System Logging Service...
[[0;32m  OK  [0m] Started irqbalance daemon.
         Starting OpenBSD Secure Shell server...
[[0;32m  OK  [0m] Started Regular background program processing daemon.
         Starting LXD - container startup/shutdown...
         Starting Snap Daemon...
[[0;32m  OK  [0m] Started System Logging Service.
[[0;32m  OK  [0m] Started Permit User Sessions.
[[0;32m  OK  [0m] Started Login Service.
[[0;32m  OK  [0m] Started Unattended Upgrades Shutdown.
         Starting Terminate Plymouth Boot Screen...
         Starting Hold until boot process finishes up...
[[0;32m  OK  [0m] Started Terminate Plymouth Boot Screen.
         Starting Authorization Manager...
[[0;32m  OK  [0m] Started Hold until boot process finishes up.
[[0;32m  OK  [0m] Started Serial Getty on ttyS0.
         Starting Set console scheme...
[[0;32m  OK  [0m] Started LSB: Record successful boot for GRUB.
[[0;32m  OK  [0m] Started OpenBSD Secure Shell server.
[[0;32m  OK  [0m] Started Set console scheme.
[[0;32m  OK  [0m] Created slice system-getty.slice.
[[0;32m  OK  [0m] Started Getty on tty1.
[[0;32m  OK  [0m] Reached target Login Prompts.
[[0;32m  OK  [0m] Started Authorization Manager.
[[0;32m  OK  [0m] Started Accounts Service.
[[0;32m  OK  [0m] Started LSB: automatic crash report generation.
[[0;32m  OK  [0m] Created slice User Slice of vagrant.
         Starting User Manager for UID 1000...
[[0;32m  OK  [0m] Started Session 1 of user vagrant.
[[0;32m  OK  [0m] Started LXD - container startup/shutdown.

Ubuntu 18.04.6 LTS server-s2 ttyS0

server-s2 login: [  109.476202] cloud-init[1453]: Cloud-init v. 22.3.4-0ubuntu1~18.04.1 running 'modules:config' at Mon, 05 Dec 2022 13:47:09 +0000. Up 106.88 seconds.
[  381.557698] cloud-init[9617]: Cloud-init v. 22.3.4-0ubuntu1~18.04.1 running 'modules:final' at Mon, 05 Dec 2022 13:51:43 +0000. Up 380.52 seconds.
[  381.627069] cloud-init[9617]: Cloud-init v. 22.3.4-0ubuntu1~18.04.1 finished at Mon, 05 Dec 2022 13:51:44 +0000. Datasource DataSourceNoCloud [seed=/dev/sdb][dsmode=net].  Up 381.53 seconds
-0ubuntu1~18.04.1 finished at Mon, 05 Dec 2022 13:47:52 +0000. Datasource DataSourceNoCloud [seed=/dev/sdb][dsmode=net].  Up 352.24 seconds
                                                                                                                                                                                                                                                                                                                                                                                                                                                                                                    [  354.668132] cloud-init[9682]: Cloud-init v. 22.3.4-0ubuntu1~18.04.1 running 'modules:final' at Mon, 05 Dec 2022 13:45:01 +0000. Up 353.11 seconds.
[  354.769492] cloud-init[9682]: Cloud-init v. 22.3.4-0ubuntu1~18.04.1 finished at Mon, 05 Dec 2022 13:45:02 +0000. Datasource DataSourceNoCloud [seed=/dev/sdb][dsmode=net].  Up 354.55 seconds
